<?xml version="1.0" encoding="UTF-8"?>
<!-- Generated by org.testng.reporters.JUnitReportReporter -->
<testsuite skipped="0" hostname="Gavriels-MacBook-Air.local" name="tests.basic.TestTemplate" tests="1" failures="0" timestamp="17 Nov 2020 19:12:58 GMT" time="55.652" errors="0">
  <testcase name="test" time="55.652" classname="tests.basic.TestTemplate"/>
</testsuite> <!-- tests.basic.TestTemplate -->
